<?xml version="1.0" encoding="UTF-8"?>
<coverage generated="1612736448">
  <project timestamp="1612736448">
    <package name="App\Controller\V1">
      <file name="/var/www/html/src/Controller/V1/FoodTrucksController.php">
        <class name="App\Controller\V1\FoodTrucksController" namespace="App\Controller\V1">
          <metrics complexity="12" methods="6" coveredmethods="6" conditionals="0" coveredconditionals="0" statements="45" coveredstatements="45" elements="51" coveredelements="51"/>
        </class>
        <line num="24" type="method" name="index" visibility="public" complexity="1" crap="1" count="2"/>
        <line num="26" type="stmt" count="2"/>
        <line num="29" type="stmt" count="2"/>
        <line num="38" type="stmt" count="2"/>
        <line num="41" type="stmt" count="1"/>
        <line num="42" type="stmt" count="2"/>
        <line num="45" type="stmt" count="1"/>
        <line num="46" type="stmt" count="2"/>
        <line num="47" type="stmt" count="2"/>
        <line num="59" type="method" name="save" visibility="public" complexity="6" crap="6" count="7"/>
        <line num="61" type="stmt" count="7"/>
        <line num="62" type="stmt" count="7"/>
        <line num="65" type="stmt" count="7"/>
        <line num="66" type="stmt" count="7"/>
        <line num="67" type="stmt" count="1"/>
        <line num="70" type="stmt" count="7"/>
        <line num="71" type="stmt" count="4"/>
        <line num="72" type="stmt" count="1"/>
        <line num="76" type="stmt" count="7"/>
        <line num="79" type="stmt" count="7"/>
        <line num="80" type="stmt" count="1"/>
        <line num="83" type="stmt" count="6"/>
        <line num="84" type="stmt" count="6"/>
        <line num="85" type="stmt" count="1"/>
        <line num="88" type="stmt" count="6"/>
        <line num="89" type="stmt" count="6"/>
        <line num="90" type="stmt" count="6"/>
        <line num="92" type="stmt" count="6"/>
        <line num="93" type="stmt" count="6"/>
        <line num="95" type="stmt" count="6"/>
        <line num="96" type="stmt" count="6"/>
        <line num="97" type="stmt" count="6"/>
        <line num="110" type="method" name="delete" visibility="public" complexity="2" crap="2" count="2"/>
        <line num="113" type="stmt" count="2"/>
        <line num="114" type="stmt" count="2"/>
        <line num="115" type="stmt" count="2"/>
        <line num="118" type="stmt" count="2"/>
        <line num="119" type="stmt" count="1"/>
        <line num="121" type="stmt" count="1"/>
        <line num="122" type="stmt" count="1"/>
        <line num="124" type="stmt" count="1"/>
        <line num="125" type="stmt" count="1"/>
        <line num="126" type="stmt" count="1"/>
        <line num="129" type="method" name="errorResponse" visibility="protected" complexity="1" crap="1" count="5"/>
        <line num="131" type="stmt" count="5"/>
        <line num="132" type="stmt" count="5"/>
        <line num="133" type="stmt" count="5"/>
        <line num="137" type="method" name="getCalendarLimit" visibility="protected" complexity="1" crap="1" count="7"/>
        <line num="139" type="stmt" count="7"/>
        <line num="142" type="method" name="calendarLimits" visibility="protected" complexity="1" crap="1" count="7"/>
        <line num="145" type="stmt" count="7"/>
        <metrics loc="153" ncloc="123" classes="1" methods="6" coveredmethods="6" conditionals="0" coveredconditionals="0" statements="45" coveredstatements="45" elements="51" coveredelements="51"/>
      </file>
    </package>
    <package name="App\Controller\V2">
      <file name="/var/www/html/src/Controller/V2/FoodTrucksController.php">
        <class name="App\Controller\V2\FoodTrucksController" namespace="App\Controller\V2">
          <metrics complexity="15" methods="7" coveredmethods="6" conditionals="0" coveredconditionals="0" statements="54" coveredstatements="53" elements="61" coveredelements="59"/>
        </class>
        <line num="23" type="method" name="index" visibility="public" complexity="1" crap="1" count="2"/>
        <line num="25" type="stmt" count="2"/>
        <line num="28" type="stmt" count="2"/>
        <line num="37" type="stmt" count="2"/>
        <line num="40" type="stmt" count="1"/>
        <line num="41" type="stmt" count="2"/>
        <line num="44" type="stmt" count="1"/>
        <line num="45" type="stmt" count="2"/>
        <line num="46" type="stmt" count="2"/>
        <line num="59" type="method" name="save" visibility="public" complexity="6" crap="6" count="9"/>
        <line num="61" type="stmt" count="9"/>
        <line num="62" type="stmt" count="9"/>
        <line num="65" type="stmt" count="9"/>
        <line num="68" type="stmt" count="6"/>
        <line num="69" type="stmt" count="9"/>
        <line num="73" type="stmt" count="9"/>
        <line num="74" type="stmt" count="1"/>
        <line num="77" type="stmt" count="9"/>
        <line num="78" type="stmt" count="6"/>
        <line num="79" type="stmt" count="2"/>
        <line num="83" type="stmt" count="9"/>
        <line num="86" type="stmt" count="9"/>
        <line num="87" type="stmt" count="1"/>
        <line num="90" type="stmt" count="8"/>
        <line num="92" type="stmt" count="8"/>
        <line num="93" type="stmt" count="1"/>
        <line num="95" type="stmt" count="8"/>
        <line num="96" type="stmt" count="8"/>
        <line num="97" type="stmt" count="8"/>
        <line num="99" type="stmt" count="8"/>
        <line num="100" type="stmt" count="8"/>
        <line num="102" type="stmt" count="8"/>
        <line num="103" type="stmt" count="8"/>
        <line num="104" type="stmt" count="8"/>
        <line num="117" type="method" name="delete" visibility="public" complexity="2" crap="2" count="2"/>
        <line num="120" type="stmt" count="2"/>
        <line num="121" type="stmt" count="2"/>
        <line num="122" type="stmt" count="2"/>
        <line num="125" type="stmt" count="2"/>
        <line num="126" type="stmt" count="1"/>
        <line num="128" type="stmt" count="1"/>
        <line num="129" type="stmt" count="1"/>
        <line num="131" type="stmt" count="1"/>
        <line num="132" type="stmt" count="1"/>
        <line num="133" type="stmt" count="1"/>
        <line num="136" type="method" name="errorResponse" visibility="protected" complexity="1" crap="1" count="6"/>
        <line num="138" type="stmt" count="6"/>
        <line num="139" type="stmt" count="6"/>
        <line num="140" type="stmt" count="6"/>
        <line num="144" type="method" name="getCalendarLimit" visibility="protected" complexity="1" crap="1" count="9"/>
        <line num="146" type="stmt" count="9"/>
        <line num="149" type="method" name="calendarLimits" visibility="protected" complexity="1" crap="1" count="9"/>
        <line num="152" type="stmt" count="9"/>
        <line num="162" type="method" name="isSameTimeShift" visibility="private" complexity="3" crap="3.03" count="6"/>
        <line num="165" type="stmt" count="6"/>
        <line num="166" type="stmt" count="3"/>
        <line num="168" type="stmt" count="5"/>
        <line num="171" type="stmt" count="5"/>
        <line num="173" type="stmt" count="5"/>
        <line num="174" type="stmt" count="0"/>
        <line num="175" type="stmt" count="5"/>
        <metrics loc="177" ncloc="146" classes="1" methods="7" coveredmethods="6" conditionals="0" coveredconditionals="0" statements="54" coveredstatements="53" elements="61" coveredelements="59"/>
      </file>
    </package>
    <package name="App\Entity">
      <file name="/var/www/html/src/Entity/Reservation.php">
        <class name="App\Entity\Reservation" namespace="App\Entity">
          <metrics complexity="6" methods="6" coveredmethods="4" conditionals="0" coveredconditionals="0" statements="9" coveredstatements="6" elements="15" coveredelements="10"/>
        </class>
        <line num="34" type="method" name="getDate" visibility="public" complexity="1" crap="1" count="10"/>
        <line num="36" type="stmt" count="10"/>
        <line num="44" type="method" name="setDate" visibility="public" complexity="1" crap="1" count="14"/>
        <line num="46" type="stmt" count="14"/>
        <line num="48" type="stmt" count="14"/>
        <line num="55" type="method" name="getId" visibility="public" complexity="1" crap="2" count="0"/>
        <line num="57" type="stmt" count="0"/>
        <line num="63" type="method" name="setId" visibility="public" complexity="1" crap="2" count="0"/>
        <line num="65" type="stmt" count="0"/>
        <line num="66" type="stmt" count="0"/>
        <line num="71" type="method" name="getFoodTruck" visibility="public" complexity="1" crap="1" count="2"/>
        <line num="73" type="stmt" count="2"/>
        <line num="81" type="method" name="setFoodTruck" visibility="public" complexity="1" crap="1" count="14"/>
        <line num="83" type="stmt" count="14"/>
        <line num="85" type="stmt" count="14"/>
        <metrics loc="87" ncloc="61" classes="1" methods="6" coveredmethods="4" conditionals="0" coveredconditionals="0" statements="9" coveredstatements="6" elements="15" coveredelements="10"/>
      </file>
    </package>
    <package name="App">
      <file name="/var/www/html/src/Kernel.php">
        <class name="App\Kernel" namespace="App">
          <metrics complexity="6" methods="2" coveredmethods="0" conditionals="0" coveredconditionals="0" statements="15" coveredstatements="0" elements="17" coveredelements="0"/>
        </class>
        <line num="14" type="method" name="configureContainer" visibility="protected" complexity="3" crap="12" count="0"/>
        <line num="16" type="stmt" count="0"/>
        <line num="17" type="stmt" count="0"/>
        <line num="19" type="stmt" count="0"/>
        <line num="20" type="stmt" count="0"/>
        <line num="21" type="stmt" count="0"/>
        <line num="22" type="stmt" count="0"/>
        <line num="23" type="stmt" count="0"/>
        <line num="25" type="stmt" count="0"/>
        <line num="27" type="method" name="configureRoutes" visibility="protected" complexity="3" crap="12" count="0"/>
        <line num="29" type="stmt" count="0"/>
        <line num="30" type="stmt" count="0"/>
        <line num="32" type="stmt" count="0"/>
        <line num="33" type="stmt" count="0"/>
        <line num="34" type="stmt" count="0"/>
        <line num="35" type="stmt" count="0"/>
        <line num="37" type="stmt" count="0"/>
        <metrics loc="38" ncloc="38" classes="1" methods="2" coveredmethods="0" conditionals="0" coveredconditionals="0" statements="15" coveredstatements="0" elements="17" coveredelements="0"/>
      </file>
    </package>
    <package name="App\Repository">
      <file name="/var/www/html/src/Repository/ReservationRepository.php">
        <class name="App\Repository\ReservationRepository" namespace="App\Repository">
          <metrics complexity="7" methods="5" coveredmethods="5" conditionals="0" coveredconditionals="0" statements="40" coveredstatements="40" elements="45" coveredelements="45"/>
        </class>
        <line num="18" type="method" name="__construct" visibility="public" complexity="1" crap="1" count="20"/>
        <line num="20" type="stmt" count="20"/>
        <line num="21" type="stmt" count="20"/>
        <line num="56" type="method" name="getAllByDay" visibility="public" complexity="1" crap="1" count="6"/>
        <line num="58" type="stmt" count="6"/>
        <line num="59" type="stmt" count="6"/>
        <line num="60" type="stmt" count="6"/>
        <line num="61" type="stmt" count="6"/>
        <line num="62" type="stmt" count="6"/>
        <line num="70" type="method" name="getAllByFoodtruck" visibility="public" complexity="1" crap="1" count="7"/>
        <line num="72" type="stmt" count="7"/>
        <line num="73" type="stmt" count="7"/>
        <line num="74" type="stmt" count="7"/>
        <line num="75" type="stmt" count="7"/>
        <line num="76" type="stmt" count="7"/>
        <line num="86" type="method" name="getAllByFoodtruckByWeek" visibility="public" complexity="1" crap="1" count="9"/>
        <line num="88" type="stmt" count="9"/>
        <line num="89" type="stmt" count="9"/>
        <line num="91" type="stmt" count="9"/>
        <line num="92" type="stmt" count="9"/>
        <line num="93" type="stmt" count="9"/>
        <line num="95" type="stmt" count="9"/>
        <line num="96" type="stmt" count="9"/>
        <line num="97" type="stmt" count="9"/>
        <line num="98" type="stmt" count="9"/>
        <line num="99" type="stmt" count="9"/>
        <line num="100" type="stmt" count="9"/>
        <line num="101" type="stmt" count="9"/>
        <line num="102" type="stmt" count="9"/>
        <line num="103" type="stmt" count="9"/>
        <line num="107" type="method" name="getAllByTimeShift" visibility="public" complexity="3" crap="3" count="8"/>
        <line num="109" type="stmt" count="8"/>
        <line num="110" type="stmt" count="8"/>
        <line num="111" type="stmt" count="3"/>
        <line num="112" type="stmt" count="8"/>
        <line num="113" type="stmt" count="8"/>
        <line num="114" type="stmt" count="3"/>
        <line num="115" type="stmt" count="8"/>
        <line num="117" type="stmt" count="8"/>
        <line num="118" type="stmt" count="8"/>
        <line num="119" type="stmt" count="8"/>
        <line num="120" type="stmt" count="8"/>
        <line num="121" type="stmt" count="8"/>
        <line num="122" type="stmt" count="8"/>
        <line num="123" type="stmt" count="8"/>
        <metrics loc="126" ncloc="85" classes="1" methods="5" coveredmethods="5" conditionals="0" coveredconditionals="0" statements="40" coveredstatements="40" elements="45" coveredelements="45"/>
      </file>
    </package>
    <metrics files="5" loc="581" ncloc="453" classes="5" methods="26" coveredmethods="21" conditionals="0" coveredconditionals="0" statements="163" coveredstatements="144" elements="189" coveredelements="165"/>
  </project>
</coverage>
